<?xml version="1.0" encoding="UTF-8"?>
<!-- Generated by org.testng.reporters.JUnitReportReporter -->
<testsuite skipped="0" hostname="MYLOVE" name="TestNG_Test_3.TestNG_Project_Three" tests="1" failures="0" timestamp="2022-01-30T12:07:34 CST" time="3.133" errors="0">
  <testcase name="init" time="3.133" classname="TestNG_Test_3.TestNG_Project_Three"/>
  <system-out/>
</testsuite> <!-- TestNG_Test_3.TestNG_Project_Three -->
